[debug] [2024-04-01T00:04:57.718Z] ----------------------------------------------------------------------
[debug] [2024-04-01T00:04:57.730Z] Command:       C:\Program Files\nodejs\node.exe C:\Users\fa866\AppData\Roaming\npm\node_modules\firebase-tools\lib\bin\firebase.js init
[debug] [2024-04-01T00:04:57.730Z] CLI Version:   13.6.0
[debug] [2024-04-01T00:04:57.731Z] Platform:      win32
[debug] [2024-04-01T00:04:57.731Z] Node Version:  v20.11.0
[debug] [2024-04-01T00:04:57.731Z] Time:          Mon Apr 01 2024 01:04:57 GMT+0100 (British Summer Time)
[debug] [2024-04-01T00:04:57.731Z] ----------------------------------------------------------------------
[debug] 
[debug] [2024-04-01T00:04:57.738Z] > command requires scopes: ["email","openid","https://www.googleapis.com/auth/cloudplatformprojects.readonly","https://www.googleapis.com/auth/firebase","https://www.googleapis.com/auth/cloud-platform"]
[debug] [2024-04-01T00:04:57.738Z] > authorizing via signed-in user (fa8662@gmail.com)
[info] 
     ######## #### ########  ######## ########     ###     ######  ########
     ##        ##  ##     ## ##       ##     ##  ##   ##  ##       ##
     ######    ##  ########  ######   ########  #########  ######  ######
     ##        ##  ##    ##  ##       ##     ## ##     ##       ## ##
     ##       #### ##     ## ######## ########  ##     ##  ######  ########

You're about to initialize a Firebase project in this directory:

  C:\Users\fa866\OneDrive\Portfolio\Website

[info] 
=== Project Setup
[info] 
[info] First, let's associate this project directory with a Firebase project.
[info] You can create multiple project aliases by running firebase use --add, 
[info] but for now we'll just set up a default project.
[info] 
[info] i  If you want to create a project in a Google Cloud organization or folder, please use "firebase projects:create" instead, and return to this command when you've created the project. 
[debug] [2024-04-01T00:05:48.968Z] >>> [apiv2][query] POST https://cloudresourcemanager.googleapis.com/v1/projects [none]
[debug] [2024-04-01T00:05:48.969Z] >>> [apiv2][body] POST https://cloudresourcemanager.googleapis.com/v1/projects {"projectId":"portfoliowebsite","name":"Portfolio Website"}
[debug] [2024-04-01T00:05:49.781Z] <<< [apiv2][status] POST https://cloudresourcemanager.googleapis.com/v1/projects 409
[debug] [2024-04-01T00:05:49.782Z] <<< [apiv2][body] POST https://cloudresourcemanager.googleapis.com/v1/projects {"error":{"code":409,"message":"Requested entity already exists","status":"ALREADY_EXISTS"}}
[debug] [2024-04-01T00:05:49.837Z] FirebaseError: HTTP Error: 409, Requested entity already exists
    at responseToError (C:\Users\fa866\AppData\Roaming\npm\node_modules\firebase-tools\lib\responseToError.js:49:12)
    at RetryOperation._fn (C:\Users\fa866\AppData\Roaming\npm\node_modules\firebase-tools\lib\apiv2.js:299:77)
    at process.processTicksAndRejections (node:internal/process/task_queues:95:5)
[error] 
[error] Error: Failed to create project because there is already a project with ID portfoliowebsite. Please try again with a unique project ID.
[debug] [2024-04-01T00:08:22.208Z] ----------------------------------------------------------------------
[debug] [2024-04-01T00:08:22.222Z] Command:       C:\Program Files\nodejs\node.exe C:\Users\fa866\AppData\Roaming\npm\node_modules\firebase-tools\lib\bin\firebase.js init
[debug] [2024-04-01T00:08:22.222Z] CLI Version:   13.6.0
[debug] [2024-04-01T00:08:22.223Z] Platform:      win32
[debug] [2024-04-01T00:08:22.223Z] Node Version:  v20.11.0
[debug] [2024-04-01T00:08:22.223Z] Time:          Mon Apr 01 2024 01:08:22 GMT+0100 (British Summer Time)
[debug] [2024-04-01T00:08:22.223Z] ----------------------------------------------------------------------
[debug] 
[debug] [2024-04-01T00:08:22.231Z] > command requires scopes: ["email","openid","https://www.googleapis.com/auth/cloudplatformprojects.readonly","https://www.googleapis.com/auth/firebase","https://www.googleapis.com/auth/cloud-platform"]
[debug] [2024-04-01T00:08:22.231Z] > authorizing via signed-in user (fa8662@gmail.com)
[info] 
     ######## #### ########  ######## ########     ###     ######  ########
     ##        ##  ##     ## ##       ##     ##  ##   ##  ##       ##
     ######    ##  ########  ######   ########  #########  ######  ######
     ##        ##  ##    ##  ##       ##     ## ##     ##       ## ##
     ##       #### ##     ## ######## ########  ##     ##  ######  ########

You're about to initialize a Firebase project in this directory:

  C:\Users\fa866\OneDrive\Portfolio\Website

[info] 
=== Project Setup
[info] 
[info] First, let's associate this project directory with a Firebase project.
[info] You can create multiple project aliases by running firebase use --add, 
[info] but for now we'll just set up a default project.
[info] 
[debug] [2024-04-01T00:08:33.021Z] >>> [apiv2][query] GET https://firebase.googleapis.com/v1beta1/projects pageSize=100
[debug] [2024-04-01T00:08:33.565Z] <<< [apiv2][status] GET https://firebase.googleapis.com/v1beta1/projects 200
[debug] [2024-04-01T00:08:33.565Z] <<< [apiv2][body] GET https://firebase.googleapis.com/v1beta1/projects [omitted]
[info] i  Using project portfolio-website-64ae3 (Portfolio Website) 
[info] 
=== Hosting Setup
[debug] [2024-04-01T00:08:41.031Z] >>> [apiv2][query] GET https://firebase.googleapis.com/v1beta1/projects/portfolio-website-64ae3 [none]
[debug] [2024-04-01T00:08:41.265Z] <<< [apiv2][status] GET https://firebase.googleapis.com/v1beta1/projects/portfolio-website-64ae3 200
[debug] [2024-04-01T00:08:41.266Z] <<< [apiv2][body] GET https://firebase.googleapis.com/v1beta1/projects/portfolio-website-64ae3 {"projectId":"portfolio-website-64ae3","projectNumber":"239020691565","displayName":"Portfolio Website","name":"projects/portfolio-website-64ae3","resources":{"hostingSite":"portfolio-website-64ae3"},"state":"ACTIVE","etag":"1_2cc54b18-6d57-4dea-bf22-6032faf3ec37"}
[info] 
[info] Your public directory is the folder (relative to your project directory) that
[info] will contain Hosting assets to be uploaded with firebase deploy. If you
[info] have a build process for your assets, use your build's output directory.
[info] 
[debug] [2024-04-01T00:12:10.149Z] >>> [apiv2][query] GET https://www.gstatic.com/firebasejs/releases.json [none]
[debug] [2024-04-01T00:12:10.637Z] <<< [apiv2][status] GET https://www.gstatic.com/firebasejs/releases.json 200
[debug] [2024-04-01T00:12:10.639Z] <<< [apiv2][body] GET https://www.gstatic.com/firebasejs/releases.json {"current":{"version":"10.10.0","browserURL":"https://www.gstatic.com/firebasejs/10.10.0/firebase.js","packageURL":"https://www.gstatic.com/firebasejs/10.10.0/firebase.tgz"},"live":{"version":"10.10","browserURL":"https://www.gstatic.com/firebasejs/live/10.10/firebase.js","packageURL":"https://www.gstatic.com/firebasejs/live/10.10/firebase.tgz"},"components":{"analytics":"https://www.gstatic.com/firebasejs/10.10.0/firebase-analytics.js","app":"https://www.gstatic.com/firebasejs/10.10.0/firebase-app.js","app-check":"https://www.gstatic.com/firebasejs/10.10.0/firebase-app-check.js","auth":"https://www.gstatic.com/firebasejs/10.10.0/firebase-auth.js","auth/cordova":"https://www.gstatic.com/firebasejs/10.10.0/firebase-auth/cordova.js","auth/web-extension":"https://www.gstatic.com/firebasejs/10.10.0/firebase-auth/web-extension.js","functions":"https://www.gstatic.com/firebasejs/10.10.0/firebase-functions.js","firestore":"https://www.gstatic.com/firebasejs/10.10.0/firebase-firestore.js","firestore/lite":"https://www.gstatic.com/firebasejs/10.10.0/firebase-firestore/lite.js","installations":"https://www.gstatic.com/firebasejs/10.10.0/firebase-installations.js","storage":"https://www.gstatic.com/firebasejs/10.10.0/firebase-storage.js","performance":"https://www.gstatic.com/firebasejs/10.10.0/firebase-performance.js","remote-config":"https://www.gstatic.com/firebasejs/10.10.0/firebase-remote-config.js","messaging":"https://www.gstatic.com/firebasejs/10.10.0/firebase-messaging.js","messaging/sw":"https://www.gstatic.com/firebasejs/10.10.0/firebase-messaging/sw.js","database":"https://www.gstatic.com/firebasejs/10.10.0/firebase-database.js","firestore.memory":"https://www.gstatic.com/firebasejs/10.10.0/firebase-firestore.memory.js"}}
[debug] [2024-04-01T00:12:11.898Z] Error: Path contains invalid characters: C:\Users\fa866\OneDrive\Portfolio\Website\C:\Users\fa866\OneDrive\Portfolio\Website
    at checkPath (C:\Users\fa866\AppData\Roaming\npm\node_modules\firebase-tools\node_modules\fs-extra\lib\mkdirs\utils.js:16:21)
    at module.exports.makeDirSync (C:\Users\fa866\AppData\Roaming\npm\node_modules\firebase-tools\node_modules\fs-extra\lib\mkdirs\make-dir.js:21:3)
    at Object.createFileSync (C:\Users\fa866\AppData\Roaming\npm\node_modules\firebase-tools\node_modules\fs-extra\lib\ensure\file.js:59:45)
    at Config.writeProjectFile (C:\Users\fa866\AppData\Roaming\npm\node_modules\firebase-tools\lib\config.js:154:12)
    at C:\Users\fa866\AppData\Roaming\npm\node_modules\firebase-tools\lib\config.js:178:22
    at process.processTicksAndRejections (node:internal/process/task_queues:95:5)
    at async doSetup (C:\Users\fa866\AppData\Roaming\npm\node_modules\firebase-tools\lib\init\features\hosting\index.js:177:9)
    at async init (C:\Users\fa866\AppData\Roaming\npm\node_modules\firebase-tools\lib\init\index.js:37:9)
[error] 
[error] Error: An unexpected error has occurred.
[debug] [2024-04-01T00:12:56.601Z] ----------------------------------------------------------------------
[debug] [2024-04-01T00:12:56.623Z] Command:       C:\Program Files\nodejs\node.exe C:\Users\fa866\AppData\Roaming\npm\node_modules\firebase-tools\lib\bin\firebase.js init
[debug] [2024-04-01T00:12:56.624Z] CLI Version:   13.6.0
[debug] [2024-04-01T00:12:56.624Z] Platform:      win32
[debug] [2024-04-01T00:12:56.624Z] Node Version:  v20.11.0
[debug] [2024-04-01T00:12:56.625Z] Time:          Mon Apr 01 2024 01:12:56 GMT+0100 (British Summer Time)
[debug] [2024-04-01T00:12:56.625Z] ----------------------------------------------------------------------
[debug] 
[debug] [2024-04-01T00:12:56.632Z] > command requires scopes: ["email","openid","https://www.googleapis.com/auth/cloudplatformprojects.readonly","https://www.googleapis.com/auth/firebase","https://www.googleapis.com/auth/cloud-platform"]
[debug] [2024-04-01T00:12:56.632Z] > authorizing via signed-in user (fa8662@gmail.com)
[info] 
     ######## #### ########  ######## ########     ###     ######  ########
     ##        ##  ##     ## ##       ##     ##  ##   ##  ##       ##
     ######    ##  ########  ######   ########  #########  ######  ######
     ##        ##  ##    ##  ##       ##     ## ##     ##       ## ##
     ##       #### ##     ## ######## ########  ##     ##  ######  ########

You're about to initialize a Firebase project in this directory:

  C:\Users\fa866\OneDrive\Portfolio\Website

[info] 
=== Project Setup
[info] 
[info] First, let's associate this project directory with a Firebase project.
[info] You can create multiple project aliases by running firebase use --add, 
[info] but for now we'll just set up a default project.
[info] 
[debug] [2024-04-01T00:13:14.804Z] >>> [apiv2][query] GET https://firebase.googleapis.com/v1beta1/projects pageSize=100
[debug] [2024-04-01T00:13:16.701Z] <<< [apiv2][status] GET https://firebase.googleapis.com/v1beta1/projects 200
[debug] [2024-04-01T00:13:16.702Z] <<< [apiv2][body] GET https://firebase.googleapis.com/v1beta1/projects [omitted]
[info] i  Using project portfolio-website-64ae3 (Portfolio Website) 
[info] 
=== Hosting Setup
[debug] [2024-04-01T00:13:18.318Z] >>> [apiv2][query] GET https://firebase.googleapis.com/v1beta1/projects/portfolio-website-64ae3 [none]
[debug] [2024-04-01T00:13:18.521Z] <<< [apiv2][status] GET https://firebase.googleapis.com/v1beta1/projects/portfolio-website-64ae3 200
[debug] [2024-04-01T00:13:18.522Z] <<< [apiv2][body] GET https://firebase.googleapis.com/v1beta1/projects/portfolio-website-64ae3 {"projectId":"portfolio-website-64ae3","projectNumber":"239020691565","displayName":"Portfolio Website","name":"projects/portfolio-website-64ae3","resources":{"hostingSite":"portfolio-website-64ae3"},"state":"ACTIVE","etag":"1_2cc54b18-6d57-4dea-bf22-6032faf3ec37"}
[info] 
[info] Your public directory is the folder (relative to your project directory) that
[info] will contain Hosting assets to be uploaded with firebase deploy. If you
[info] have a build process for your assets, use your build's output directory.
[info] 
[debug] [2024-04-01T00:13:43.984Z] Error: Path contains invalid characters: C:\Users\fa866\OneDrive\Portfolio\Website\C:\Users\fa866\OneDrive\Portfolio\Website
    at checkPath (C:\Users\fa866\AppData\Roaming\npm\node_modules\firebase-tools\node_modules\fs-extra\lib\mkdirs\utils.js:16:21)
    at module.exports.makeDirSync (C:\Users\fa866\AppData\Roaming\npm\node_modules\firebase-tools\node_modules\fs-extra\lib\mkdirs\make-dir.js:21:3)
    at Object.createFileSync (C:\Users\fa866\AppData\Roaming\npm\node_modules\firebase-tools\node_modules\fs-extra\lib\ensure\file.js:59:45)
    at Config.writeProjectFile (C:\Users\fa866\AppData\Roaming\npm\node_modules\firebase-tools\lib\config.js:154:12)
    at C:\Users\fa866\AppData\Roaming\npm\node_modules\firebase-tools\lib\config.js:178:22
    at process.processTicksAndRejections (node:internal/process/task_queues:95:5)
    at async doSetup (C:\Users\fa866\AppData\Roaming\npm\node_modules\firebase-tools\lib\init\features\hosting\index.js:173:13)
    at async init (C:\Users\fa866\AppData\Roaming\npm\node_modules\firebase-tools\lib\init\index.js:37:9)
[error] 
[error] Error: An unexpected error has occurred.
